<?xml version="1.0" encoding="UTF-8"?>
<testsuite name="com.thoughtworks.factorial.FactorialTests" tests="5" skipped="0" failures="0" errors="0" timestamp="2015-02-24T05:58:41" hostname="sebastian-radloffs-macbook.local" time="0.022">
  <properties/>
  <testcase name="shouldThrowIllegalArgumentExceptionWhenNumberIsNegative" classname="com.thoughtworks.factorial.FactorialTests" time="0.002"/>
  <testcase name="shouldReturnSixWhenNumberIsThree" classname="com.thoughtworks.factorial.FactorialTests" time="0.018"/>
  <testcase name="shouldReturnOneWhenNumberIsOne" classname="com.thoughtworks.factorial.FactorialTests" time="0.0"/>
  <testcase name="shouldReturnOneWhdenNumberIsZero" classname="com.thoughtworks.factorial.FactorialTests" time="0.0"/>
  <testcase name="shouldReturnTwoWhenNumberIsTwo" classname="com.thoughtworks.factorial.FactorialTests" time="0.0"/>
  <system-out><![CDATA[]]></system-out>
  <system-err><![CDATA[]]></system-err>
</testsuite>
