<?xml version="1.0" encoding="UTF-8"?>
<testsuite name="com.thoughtworks.mockito.GreetingPrinterTest" tests="1" skipped="0" failures="0" errors="0" timestamp="2015-02-25T13:33:14" hostname="sebastian-radloffs-macbook.local" time="0.33">
  <properties/>
  <testcase name="shouldPrintGreeting" classname="com.thoughtworks.mockito.GreetingPrinterTest" time="0.33"/>
  <system-out><![CDATA[]]></system-out>
  <system-err><![CDATA[]]></system-err>
</testsuite>
