<?xml version="1.0" encoding="UTF-8"?>
<testsuite name="com.thoughtworks.test_double.GreetingPrinterTest" tests="1" skipped="0" failures="0" errors="0" timestamp="2015-02-25T13:27:55" hostname="sebastian-radloffs-macbook.local" time="0.004">
  <properties/>
  <testcase name="shouldPrintGreeting" classname="com.thoughtworks.test_double.GreetingPrinterTest" time="0.004"/>
  <system-out><![CDATA[]]></system-out>
  <system-err><![CDATA[]]></system-err>
</testsuite>
