<?xml version="1.0" encoding="UTF-8"?>
<testsuite name="com.thoughtworks.library.LibraryTest" tests="1" skipped="0" failures="0" errors="0" timestamp="2015-02-25T13:38:08" hostname="sebastian-radloffs-macbook.local" time="0.155">
  <properties/>
  <testcase name="shouldPrintBookTitleWhenThereIsOneBook" classname="com.thoughtworks.library.LibraryTest" time="0.155"/>
  <system-out><![CDATA[]]></system-out>
  <system-err><![CDATA[]]></system-err>
</testsuite>
