<?xml version="1.0" encoding="UTF-8"?>
<testsuite name="com.thoughtworks.library.LibraryTest" tests="1" skipped="0" failures="0" errors="0" timestamp="2015-02-25T16:03:03" hostname="sebastian-radloffs-macbook.local" time="0.16">
  <properties/>
  <testcase name="shouldPrintBothBookTitlesWhenThereAreTwoBooks" classname="com.thoughtworks.library.LibraryTest" time="0.16"/>
  <system-out><![CDATA[]]></system-out>
  <system-err><![CDATA[]]></system-err>
</testsuite>
