<?xml version="1.0" encoding="UTF-8"?>
<testsuite name="com.thoughtworks.accountbalance.AccountTests" tests="1" skipped="0" failures="0" errors="0" timestamp="2015-02-25T13:17:02" hostname="sebastian-radloffs-macbook.local" time="0.022">
  <properties/>
  <testcase name="shouldIncreaseMyBalanceWhenIDepositMoney" classname="com.thoughtworks.accountbalance.AccountTests" time="0.022"/>
  <system-out><![CDATA[]]></system-out>
  <system-err><![CDATA[]]></system-err>
</testsuite>
