<?xml version="1.0" encoding="UTF-8"?>
<testsuite name="com.thoughtworks.library.LibraryTest" tests="1" skipped="0" failures="0" errors="0" timestamp="2015-02-25T20:08:26" hostname="sebastian-radloffs-macbook.local" time="0.253">
  <properties/>
  <testcase name="shouldDisplayFormattedTime" classname="com.thoughtworks.library.LibraryTest" time="0.253"/>
  <system-out><![CDATA[]]></system-out>
  <system-err><![CDATA[]]></system-err>
</testsuite>
